生成启动时间为 2019/3/6 22:07:48。
     1>项目“C:\Users\赵博霖\Desktop\release版本项目\ZEngineReleaseDemo\ZEngineReleaseDemo\ZEngineReleaseDemo.vcxproj”在节点 2 上(build 个目标)。
     1>InitializeBuildStatus:
         正在创建“Debug\ZEngineReleaseDemo.unsuccessfulbuild”，因为已指定“AlwaysCreate”。
       ClCompile:
         C:\Program Files (x86)\Microsoft Visual Studio 10.0\VC\bin\CL.exe /c /I..\include\mupdf /I..\include\ZEngine /ZI /nologo /W3 /WX- /Od /Oy- /D WIN32 /D _DEBUG /D _CONSOLE /D _UNICODE /D UNICODE /Gm /EHsc /RTC1 /MDd /GS /fp:precise /Zc:wchar_t /Zc:forScope /Fo"Debug\\" /Fd"Debug\vc100.pdb" /Gd /TP /analyze- /errorReport:prompt Demo.cpp
         Demo.cpp
     1>c:\users\赵博霖\desktop\release版本项目\zenginereleasedemo\include\zengine\ipe_lines.h(9): warning C4275: 非 dll 接口 class“Ipe_GraphicCell”用作 dll 接口 class“Ipe_Lines”的基
                 c:\users\赵博霖\desktop\release版本项目\zenginereleasedemo\include\zengine\ipe_graphiccell.h(4) : 参见“Ipe_GraphicCell”的声明
                 c:\users\赵博霖\desktop\release版本项目\zenginereleasedemo\include\zengine\ipe_lines.h(7) : 参见“Ipe_Lines”的声明
     1>c:\users\赵博霖\desktop\release版本项目\zenginereleasedemo\include\zengine\ipe_bazeir.h(7): warning C4275: 非 dll 接口 class“Ipe_GraphicCell”用作 dll 接口 class“Ipe_Bazeir”的基
                 c:\users\赵博霖\desktop\release版本项目\zenginereleasedemo\include\zengine\ipe_graphiccell.h(4) : 参见“Ipe_GraphicCell”的声明
                 c:\users\赵博霖\desktop\release版本项目\zenginereleasedemo\include\zengine\ipe_bazeir.h(5) : 参见“Ipe_Bazeir”的声明
     1>c:\users\赵博霖\desktop\release版本项目\zenginereleasedemo\include\zengine\ipe_pdfpath.h(18): warning C4251: “Ipe_PdfPath::color”: class“Ipe_Color”需要有 dll 接口由 class“Ipe_PdfPath”的客户端使用
                 c:\users\赵博霖\desktop\release版本项目\zenginereleasedemo\include\zengine\ipe_color.h(3) : 参见“Ipe_Color”的声明
       ManifestResourceCompile:
         所有输出均为最新。
       Link:
         C:\Program Files (x86)\Microsoft Visual Studio 10.0\VC\bin\link.exe /ERRORREPORT:PROMPT /OUT:"C:\Users\赵博霖\Desktop\release版本项目\ZEngineReleaseDemo\Debug\ZEngineReleaseDemo.exe" /INCREMENTAL /NOLOGO /LIBPATH:..\dll ZEngine.lib libmupdf.lib kernel32.lib user32.lib gdi32.lib winspool.lib comdlg32.lib advapi32.lib shell32.lib ole32.lib oleaut32.lib uuid.lib odbc32.lib odbccp32.lib /MANIFEST /ManifestFile:"Debug\ZEngineReleaseDemo.exe.intermediate.manifest" /MANIFESTUAC:"level='asInvoker' uiAccess='false'" /DEBUG /PDB:"C:\Users\赵博霖\Desktop\release版本项目\ZEngineReleaseDemo\Debug\ZEngineReleaseDemo.pdb" /SUBSYSTEM:CONSOLE /TLBID:1 /DYNAMICBASE /NXCOMPAT /IMPLIB:"C:\Users\赵博霖\Desktop\release版本项目\ZEngineReleaseDemo\Debug\ZEngineReleaseDemo.lib" /MACHINE:X86 Debug\ZEngineReleaseDemo.exe.embed.manifest.res
         Debug\Demo.obj
       Manifest:
         C:\Program Files (x86)\Microsoft SDKs\Windows\v7.0A\bin\mt.exe /nologo /verbose /out:"Debug\ZEngineReleaseDemo.exe.embed.manifest" /manifest Debug\ZEngineReleaseDemo.exe.intermediate.manifest
         所有输出均为最新。
       LinkEmbedManifest:
         所有输出均为最新。
         ZEngineReleaseDemo.vcxproj -> C:\Users\赵博霖\Desktop\release版本项目\ZEngineReleaseDemo\Debug\ZEngineReleaseDemo.exe
       FinalizeBuildStatus:
         正在删除文件“Debug\ZEngineReleaseDemo.unsuccessfulbuild”。
         正在对“Debug\ZEngineReleaseDemo.lastbuildstate”执行 Touch 任务。
     1>已完成生成项目“C:\Users\赵博霖\Desktop\release版本项目\ZEngineReleaseDemo\ZEngineReleaseDemo\ZEngineReleaseDemo.vcxproj”(build 个目标)的操作。

生成成功。

已用时间 00:00:02.73
