C:\USERS\赵博霖\DESKTOP\PDF项目\PDF\ZENGINE\DEBUG\ZENGINE.DLL
C:\Users\赵博霖\Desktop\PDF项目\PDF\ZEngine\Debug\ZEngine.exp
C:\USERS\赵博霖\DESKTOP\PDF项目\PDF\ZENGINE\DEBUG\ZENGINE.ILK
C:\Users\赵博霖\Desktop\PDF项目\PDF\ZEngine\Debug\ZEngine.lib
C:\USERS\赵博霖\DESKTOP\PDF项目\PDF\ZENGINE\DEBUG\ZENGINE.PDB
C:\Users\赵博霖\Desktop\PDF项目\PDF\ZEngine\ZEngine\Debug\cl.command.1.tlog
C:\Users\赵博霖\Desktop\PDF项目\PDF\ZEngine\ZEngine\Debug\CL.read.1.tlog
C:\Users\赵博霖\Desktop\PDF项目\PDF\ZEngine\ZEngine\Debug\CL.write.1.tlog
C:\USERS\赵博霖\DESKTOP\PDF项目\PDF\ZENGINE\ZENGINE\DEBUG\CLIPFUNCTION.OBJ
C:\USERS\赵博霖\DESKTOP\PDF项目\PDF\ZENGINE\ZENGINE\DEBUG\IPE_BAZEIR.OBJ
C:\USERS\赵博霖\DESKTOP\PDF项目\PDF\ZENGINE\ZENGINE\DEBUG\IPE_COLOR.OBJ
C:\USERS\赵博霖\DESKTOP\PDF项目\PDF\ZENGINE\ZENGINE\DEBUG\IPE_ENGINE.OBJ
C:\USERS\赵博霖\DESKTOP\PDF项目\PDF\ZENGINE\ZENGINE\DEBUG\IPE_GRAPHICCELL.OBJ
C:\USERS\赵博霖\DESKTOP\PDF项目\PDF\ZENGINE\ZENGINE\DEBUG\IPE_LINES.OBJ
C:\USERS\赵博霖\DESKTOP\PDF项目\PDF\ZENGINE\ZENGINE\DEBUG\IPE_PDFDOCUMENT.OBJ
C:\USERS\赵博霖\DESKTOP\PDF项目\PDF\ZENGINE\ZENGINE\DEBUG\IPE_PDFELEMENT.OBJ
C:\USERS\赵博霖\DESKTOP\PDF项目\PDF\ZENGINE\ZENGINE\DEBUG\IPE_PDFLAYER.OBJ
C:\USERS\赵博霖\DESKTOP\PDF项目\PDF\ZENGINE\ZENGINE\DEBUG\IPE_PDFPAGE.OBJ
C:\USERS\赵博霖\DESKTOP\PDF项目\PDF\ZENGINE\ZENGINE\DEBUG\IPE_PDFPATH.OBJ
C:\USERS\赵博霖\DESKTOP\PDF项目\PDF\ZENGINE\ZENGINE\DEBUG\IPE_PDFSTACK.OBJ
C:\USERS\赵博霖\DESKTOP\PDF项目\PDF\ZENGINE\ZENGINE\DEBUG\IPE_PDFTEXTSTRING.OBJ
C:\USERS\赵博霖\DESKTOP\PDF项目\PDF\ZENGINE\ZENGINE\DEBUG\IPE_PDFXOBJECT.OBJ
C:\USERS\赵博霖\DESKTOP\PDF项目\PDF\ZENGINE\ZENGINE\DEBUG\IPE_PLANE.OBJ
C:\USERS\赵博霖\DESKTOP\PDF项目\PDF\ZENGINE\ZENGINE\DEBUG\IPE_POINT2D.OBJ
C:\Users\赵博霖\Desktop\PDF项目\PDF\ZEngine\ZEngine\Debug\link.14092.read.1.tlog
C:\Users\赵博霖\Desktop\PDF项目\PDF\ZEngine\ZEngine\Debug\link.14092.write.1.tlog
C:\Users\赵博霖\Desktop\PDF项目\PDF\ZEngine\ZEngine\Debug\link.14092-cvtres.read.1.tlog
C:\Users\赵博霖\Desktop\PDF项目\PDF\ZEngine\ZEngine\Debug\link.14092-cvtres.write.1.tlog
C:\Users\赵博霖\Desktop\PDF项目\PDF\ZEngine\ZEngine\Debug\link.command.1.tlog
C:\Users\赵博霖\Desktop\PDF项目\PDF\ZEngine\ZEngine\Debug\link.read.1.tlog
C:\Users\赵博霖\Desktop\PDF项目\PDF\ZEngine\ZEngine\Debug\link.write.1.tlog
C:\Users\赵博霖\Desktop\PDF项目\PDF\ZEngine\ZEngine\Debug\link-cvtres.read.1.tlog
C:\Users\赵博霖\Desktop\PDF项目\PDF\ZEngine\ZEngine\Debug\link-cvtres.write.1.tlog
C:\Users\赵博霖\Desktop\PDF项目\PDF\ZEngine\ZEngine\Debug\mt.command.1.tlog
C:\Users\赵博霖\Desktop\PDF项目\PDF\ZEngine\ZEngine\Debug\mt.read.1.tlog
C:\Users\赵博霖\Desktop\PDF项目\PDF\ZEngine\ZEngine\Debug\mt.write.1.tlog
C:\Users\赵博霖\Desktop\PDF项目\PDF\ZEngine\ZEngine\Debug\rc.command.1.tlog
C:\Users\赵博霖\Desktop\PDF项目\PDF\ZEngine\ZEngine\Debug\rc.read.1.tlog
C:\Users\赵博霖\Desktop\PDF项目\PDF\ZEngine\ZEngine\Debug\rc.write.1.tlog
C:\Users\赵博霖\Desktop\PDF项目\PDF\ZEngine\ZEngine\Debug\vc100.idb
C:\USERS\赵博霖\DESKTOP\PDF项目\PDF\ZENGINE\ZENGINE\DEBUG\VC100.PDB
C:\USERS\赵博霖\DESKTOP\PDF项目\PDF\ZENGINE\ZENGINE\DEBUG\ZENGINE.DLL.EMBED.MANIFEST
C:\USERS\赵博霖\DESKTOP\PDF项目\PDF\ZENGINE\ZENGINE\DEBUG\ZENGINE.DLL.EMBED.MANIFEST.RES
C:\USERS\赵博霖\DESKTOP\PDF项目\PDF\ZENGINE\ZENGINE\DEBUG\ZENGINE.DLL.INTERMEDIATE.MANIFEST
C:\Users\赵博霖\Desktop\PDF项目\PDF\ZEngine\ZEngine\Debug\ZEngine.write.1.tlog
C:\Users\赵博霖\Desktop\PDF项目\PDF\ZEngine\ZEngine\Debug\ZEngine_manifest.rc
