C:\USERS\赵博霖\DESKTOP\PDF项目\PDF\ZENGINE\RELEASE\ZENGINE.DLL
C:\Users\赵博霖\Desktop\PDF项目\PDF\ZEngine\Release\ZEngine.exp
C:\Users\赵博霖\Desktop\PDF项目\PDF\ZEngine\Release\ZEngine.lib
C:\USERS\赵博霖\DESKTOP\PDF项目\PDF\ZENGINE\RELEASE\ZENGINE.PDB
C:\Users\赵博霖\Desktop\PDF项目\PDF\ZEngine\ZEngine\Release\cl.command.1.tlog
C:\Users\赵博霖\Desktop\PDF项目\PDF\ZEngine\ZEngine\Release\CL.read.1.tlog
C:\Users\赵博霖\Desktop\PDF项目\PDF\ZEngine\ZEngine\Release\CL.write.1.tlog
C:\USERS\赵博霖\DESKTOP\PDF项目\PDF\ZENGINE\ZENGINE\RELEASE\IPE_BAZEIR.OBJ
C:\USERS\赵博霖\DESKTOP\PDF项目\PDF\ZENGINE\ZENGINE\RELEASE\IPE_COLOR.OBJ
C:\USERS\赵博霖\DESKTOP\PDF项目\PDF\ZENGINE\ZENGINE\RELEASE\IPE_ENGINE.OBJ
C:\USERS\赵博霖\DESKTOP\PDF项目\PDF\ZENGINE\ZENGINE\RELEASE\IPE_GRAPHICCELL.OBJ
C:\USERS\赵博霖\DESKTOP\PDF项目\PDF\ZENGINE\ZENGINE\RELEASE\IPE_LINES.OBJ
C:\USERS\赵博霖\DESKTOP\PDF项目\PDF\ZENGINE\ZENGINE\RELEASE\IPE_PDFDOCUMENT.OBJ
C:\USERS\赵博霖\DESKTOP\PDF项目\PDF\ZENGINE\ZENGINE\RELEASE\IPE_PDFELEMENT.OBJ
C:\USERS\赵博霖\DESKTOP\PDF项目\PDF\ZENGINE\ZENGINE\RELEASE\IPE_PDFLAYER.OBJ
C:\USERS\赵博霖\DESKTOP\PDF项目\PDF\ZENGINE\ZENGINE\RELEASE\IPE_PDFPAGE.OBJ
C:\USERS\赵博霖\DESKTOP\PDF项目\PDF\ZENGINE\ZENGINE\RELEASE\IPE_PDFPATH.OBJ
C:\USERS\赵博霖\DESKTOP\PDF项目\PDF\ZENGINE\ZENGINE\RELEASE\IPE_PDFSTACK.OBJ
C:\USERS\赵博霖\DESKTOP\PDF项目\PDF\ZENGINE\ZENGINE\RELEASE\IPE_PDFTEXTSTRING.OBJ
C:\USERS\赵博霖\DESKTOP\PDF项目\PDF\ZENGINE\ZENGINE\RELEASE\IPE_PDFXOBJECT.OBJ
C:\USERS\赵博霖\DESKTOP\PDF项目\PDF\ZENGINE\ZENGINE\RELEASE\IPE_PLANE.OBJ
C:\USERS\赵博霖\DESKTOP\PDF项目\PDF\ZENGINE\ZENGINE\RELEASE\IPE_POINT2D.OBJ
C:\Users\赵博霖\Desktop\PDF项目\PDF\ZEngine\ZEngine\Release\link.command.1.tlog
C:\Users\赵博霖\Desktop\PDF项目\PDF\ZEngine\ZEngine\Release\link.read.1.tlog
C:\Users\赵博霖\Desktop\PDF项目\PDF\ZEngine\ZEngine\Release\link.write.1.tlog
C:\Users\赵博霖\Desktop\PDF项目\PDF\ZEngine\ZEngine\Release\mt.command.1.tlog
C:\Users\赵博霖\Desktop\PDF项目\PDF\ZEngine\ZEngine\Release\mt.read.1.tlog
C:\Users\赵博霖\Desktop\PDF项目\PDF\ZEngine\ZEngine\Release\mt.write.1.tlog
C:\USERS\赵博霖\DESKTOP\PDF项目\PDF\ZENGINE\ZENGINE\RELEASE\VC100.PDB
C:\USERS\赵博霖\DESKTOP\PDF项目\PDF\ZENGINE\ZENGINE\RELEASE\ZENGINE.DLL.INTERMEDIATE.MANIFEST
C:\Users\赵博霖\Desktop\PDF项目\PDF\ZEngine\ZEngine\Release\ZEngine.vcxprojResolveAssemblyReference.cache
C:\Users\赵博霖\Desktop\PDF项目\PDF\ZEngine\ZEngine\Release\ZEngine.write.1.tlog
