生成启动时间为 2019/4/9 10:34:59。
     1>项目“C:\Users\赵博霖\Desktop\PDF项目\PDF\ZEngine\ZEngine\ZEngine.vcxproj”在节点 2 上(build 个目标)。
     1>InitializeBuildStatus:
         正在对“Release\ZEngine.unsuccessfulbuild”执行 Touch 任务。
       ClCompile:
         C:\Program Files (x86)\Microsoft Visual Studio 10.0\VC\bin\CL.exe /c /I"C:\Users\赵博霖\Desktop\PDF项目\PDF\ZEngineProject\ZEngine\include\Geometry" /I"C:\Users\赵博霖\Desktop\PDF项目\PDF\ZEngineProject\ZEngine\include\common" /I"C:\Users\赵博霖\Desktop\PDF项目\PDF\SumatraPDF-2[1].0-source\sumatrapdf-2.0\mupdf\pdf" /I"C:\Users\赵博霖\Desktop\PDF项目\PDF\SumatraPDF-2[1].0-source\sumatrapdf-2.0\mupdf" /I"C:\Users\赵博霖\Desktop\PDF项目\PDF\SumatraPDF-2[1].0-source\sumatrapdf-2.0\mupdf\fitz" /Zi /nologo /W3 /WX- /O2 /Oi /Oy- /GL /D WIN32 /D NDEBUG /D _WINDOWS /D _USRDLL /D ZENGINE_EXPORTS /D _WINDLL /D _UNICODE /D UNICODE /Gm- /EHsc /MD /GS /Gy /fp:precise /Zc:wchar_t /Zc:forScope /Fo"Release\\" /Fd"Release\vc100.pdb" /Gd /TP /analyze- /errorReport:prompt Ipe_PdfPage.cpp
         Ipe_PdfPage.cpp
     1>c:\users\赵博霖\desktop\pdf项目\pdf\zengine\zengine\Ipe_Lines.h(9): warning C4275: 非 dll 接口 class“Ipe_GraphicCell”用作 dll 接口 class“Ipe_Lines”的基
                 c:\users\赵博霖\desktop\pdf项目\pdf\zengine\zengine\Ipe_GraphicCell.h(4) : 参见“Ipe_GraphicCell”的声明
                 c:\users\赵博霖\desktop\pdf项目\pdf\zengine\zengine\Ipe_Lines.h(7) : 参见“Ipe_Lines”的声明
     1>c:\users\赵博霖\desktop\pdf项目\pdf\zengine\zengine\Ipe_Bazeir.h(7): warning C4275: 非 dll 接口 class“Ipe_GraphicCell”用作 dll 接口 class“Ipe_Bazeir”的基
                 c:\users\赵博霖\desktop\pdf项目\pdf\zengine\zengine\Ipe_GraphicCell.h(4) : 参见“Ipe_GraphicCell”的声明
                 c:\users\赵博霖\desktop\pdf项目\pdf\zengine\zengine\Ipe_Bazeir.h(5) : 参见“Ipe_Bazeir”的声明
     1>c:\users\赵博霖\desktop\pdf项目\pdf\zengine\zengine\Ipe_PdfPath.h(18): warning C4251: “Ipe_PdfPath::color”: class“Ipe_Color”需要有 dll 接口由 class“Ipe_PdfPath”的客户端使用
                 c:\users\赵博霖\desktop\pdf项目\pdf\zengine\zengine\Ipe_Color.h(3) : 参见“Ipe_Color”的声明
     1>Ipe_PdfPage.cpp(49): warning C4101: “cm”: 未引用的局部变量
     1>Ipe_PdfPage.cpp(63): warning C4101: “beginx”: 未引用的局部变量
     1>Ipe_PdfPage.cpp(63): warning C4101: “beginy”: 未引用的局部变量
     1>Ipe_PdfPage.cpp(189): warning C4101: “element”: 未引用的局部变量
       Link:
         C:\Program Files (x86)\Microsoft Visual Studio 10.0\VC\bin\link.exe /ERRORREPORT:PROMPT /OUT:"C:\Users\赵博霖\Desktop\PDF项目\PDF\ZEngine\Release\ZEngine.dll" /INCREMENTAL:NO /NOLOGO /LIBPATH:"C:\Users\赵博霖\Desktop\PDF项目\PDF\SumatraPDF-2[1].0-source\sumatrapdf-2.0\obj-dbg" libmupdf.lib kernel32.lib user32.lib gdi32.lib winspool.lib comdlg32.lib advapi32.lib shell32.lib ole32.lib oleaut32.lib uuid.lib odbc32.lib odbccp32.lib /MANIFEST /ManifestFile:"Release\ZEngine.dll.intermediate.manifest" /MANIFESTUAC:"level='asInvoker' uiAccess='false'" /DEBUG /PDB:"C:\Users\赵博霖\Desktop\PDF项目\PDF\ZEngine\Release\ZEngine.pdb" /SUBSYSTEM:WINDOWS /OPT:REF /OPT:ICF /LTCG /TLBID:1 /DYNAMICBASE /NXCOMPAT /IMPLIB:"C:\Users\赵博霖\Desktop\PDF项目\PDF\ZEngine\Release\ZEngine.lib" /MACHINE:X86 /DLL Release\clipfunction.obj
         Release\Ipe_Bazeir.obj
         Release\Ipe_Color.obj
         Release\Ipe_Engine.obj
         Release\Ipe_GraphicCell.obj
         Release\Ipe_Lines.obj
         Release\Ipe_PdfDocument.obj
         Release\Ipe_PdfElement.obj
         Release\Ipe_PdfLayer.obj
         Release\Ipe_PdfPage.obj
         Release\Ipe_PdfPath.obj
         Release\Ipe_PdfStack.obj
         Release\Ipe_PdfTextString.obj
         Release\Ipe_PdfXobject.obj
         Release\Ipe_Plane.obj
         Release\Ipe_Point2D.obj
            正在创建库 C:\Users\赵博霖\Desktop\PDF项目\PDF\ZEngine\Release\ZEngine.lib 和对象 C:\Users\赵博霖\Desktop\PDF项目\PDF\ZEngine\Release\ZEngine.exp
         正在生成代码
         已完成代码的生成
         ZEngine.vcxproj -> C:\Users\赵博霖\Desktop\PDF项目\PDF\ZEngine\Release\ZEngine.dll
       Manifest:
         C:\Program Files (x86)\Microsoft SDKs\Windows\v7.0A\bin\mt.exe /nologo /verbose /outputresource:"C:\Users\赵博霖\Desktop\PDF项目\PDF\ZEngine\Release\ZEngine.dll;#2" /manifest Release\ZEngine.dll.intermediate.manifest
       FinalizeBuildStatus:
         正在删除文件“Release\ZEngine.unsuccessfulbuild”。
         正在对“Release\ZEngine.lastbuildstate”执行 Touch 任务。
     1>已完成生成项目“C:\Users\赵博霖\Desktop\PDF项目\PDF\ZEngine\ZEngine\ZEngine.vcxproj”(build 个目标)的操作。

生成成功。

已用时间 00:00:05.22
